# JRE version: OpenJDK Runtime Environment Temurin-21.0.11+10 (21.0.11+10) (build 21.0.11+10-LTS)
# Java VM: OpenJDK 64-Bit Server VM Temurin-21.0.11+10 (21.0.11+10-LTS, mixed mode, sharing, tiered, compressed oops, compressed class ptrs, parallel gc, windows-amd64)
GC Precious Log:
 CardTable entry size: 512
 CPUs: 16 total, 16 available
 Memory: 15628M
 Large Page Support: Disabled
 NUMA Support: Disabled
 Compressed Oops: Enabled (32-bit)
 Alignments: Space 512K, Generation 512K, Heap 2M
 Heap Min Capacity: 100M
 Heap Initial Capacity: 100M
 Heap Max Capacity: 2G
 Pre-touch: Disabled
 Parallel Workers: 13
Heap:
 PSYoungGen      total 5632K, used 2520K [0x00000000d5580000, 0x00000000d5d80000, 0x0000000100000000)
  eden space 5120K, 39% used [0x00000000d5580000,0x00000000d5776070,0x00000000d5a80000)
  from space 512K, 100% used [0x00000000d5a80000,0x00000000d5b00000,0x00000000d5b00000)
  to   space 1024K, 0% used [0x00000000d5c80000,0x00000000d5c80000,0x00000000d5d80000)
 ParOldGen       total 990208K, used 990100K [0x0000000080000000, 0x00000000bc700000, 0x00000000d5580000)
  object space 990208K, 99% used [0x0000000080000000,0x00000000bc6e5068,0x00000000bc700000)
 Metaspace       used 82807K, committed 84544K, reserved 1179648K
  class space    used 8156K, committed 8960K, reserved 1048576K
GC Heap History (20 events):
Event: 2488.891 GC heap before
{Heap before GC invocations=1720 (full 7):
 PSYoungGen      total 3584K, used 3357K [0x00000000d5580000, 0x00000000d5b00000, 0x0000000100000000)
  eden space 2560K, 100% used [0x00000000d5580000,0x00000000d5800000,0x00000000d5800000)
  from space 1024K, 77% used [0x00000000d5800000,0x00000000d58c7598,0x00000000d5900000)
  to   space 1536K, 0% used [0x00000000d5980000,0x00000000d5980000,0x00000000d5b00000)
 ParOldGen       total 952320K, used 951871K [0x0000000080000000, 0x00000000ba200000, 0x00000000d5580000)
  object space 952320K, 99% used [0x0000000080000000,0x00000000ba18fcf0,0x00000000ba200000)
 Metaspace       used 82791K, committed 84544K, reserved 1179648K
  class space    used 8156K, committed 8960K, reserved 1048576K
}
Event: 2488.893 GC heap after
{Heap after GC invocations=1720 (full 7):
 PSYoungGen      total 3584K, used 576K [0x00000000d5580000, 0x00000000d5a80000, 0x0000000100000000)
  eden space 2560K, 0% used [0x00000000d5580000,0x00000000d5580000,0x00000000d5800000)
  from space 1024K, 56% used [0x00000000d5980000,0x00000000d5a10000,0x00000000d5a80000)
  to   space 1024K, 0% used [0x00000000d5800000,0x00000000d5800000,0x00000000d5900000)
 ParOldGen       total 952832K, used 952456K [0x0000000080000000, 0x00000000ba280000, 0x00000000d5580000)
  object space 952832K, 99% used [0x0000000080000000,0x00000000ba2221b8,0x00000000ba280000)
 Metaspace       used 82791K, committed 84544K, reserved 1179648K
  class space    used 8156K, committed 8960K, reserved 1048576K
}
Event: 2488.915 GC heap before
{Heap before GC invocations=1721 (full 7):
 PSYoungGen      total 3584K, used 3136K [0x00000000d5580000, 0x00000000d5a80000, 0x0000000100000000)
  eden space 2560K, 100% used [0x00000000d5580000,0x00000000d5800000,0x00000000d5800000)
  from space 1024K, 56% used [0x00000000d5980000,0x00000000d5a10000,0x00000000d5a80000)
  to   space 1024K, 0% used [0x00000000d5800000,0x00000000d5800000,0x00000000d5900000)
 ParOldGen       total 952832K, used 952456K [0x0000000080000000, 0x00000000ba280000, 0x00000000d5580000)
  object space 952832K, 99% used [0x0000000080000000,0x00000000ba2221b8,0x00000000ba280000)
 Metaspace       used 82802K, committed 84544K, reserved 1179648K
  class space    used 8156K, committed 8960K, reserved 1048576K
}
Event: 2488.917 GC heap after
{Heap after GC invocations=1721 (full 7):
 PSYoungGen      total 3584K, used 608K [0x00000000d5580000, 0x00000000d5a00000, 0x0000000100000000)
  eden space 2560K, 0% used [0x00000000d5580000,0x00000000d5580000,0x00000000d5800000)
  from space 1024K, 59% used [0x00000000d5800000,0x00000000d5898000,0x00000000d5900000)
  to   space 1024K, 0% used [0x00000000d5900000,0x00000000d5900000,0x00000000d5a00000)
 ParOldGen       total 953344K, used 952835K [0x0000000080000000, 0x00000000ba300000, 0x00000000d5580000)
  object space 953344K, 99% used [0x0000000080000000,0x00000000ba280c48,0x00000000ba300000)
 Metaspace       used 82802K, committed 84544K, reserved 1179648K
  class space    used 8156K, committed 8960K, reserved 1048576K
}
Event: 2488.946 GC heap before
{Heap before GC invocations=1722 (full 7):
 PSYoungGen      total 3584K, used 3167K [0x00000000d5580000, 0x00000000d5a00000, 0x0000000100000000)
  eden space 2560K, 99% used [0x00000000d5580000,0x00000000d57fffd8,0x00000000d5800000)
  from space 1024K, 59% used [0x00000000d5800000,0x00000000d5898000,0x00000000d5900000)
  to   space 1024K, 0% used [0x00000000d5900000,0x00000000d5900000,0x00000000d5a00000)
 ParOldGen       total 985088K, used 983555K [0x0000000080000000, 0x00000000bc200000, 0x00000000d5580000)
  object space 985088K, 99% used [0x0000000080000000,0x00000000bc080c78,0x00000000bc200000)
 Metaspace       used 82804K, committed 84544K, reserved 1179648K
  class space    used 8156K, committed 8960K, reserved 1048576K
}
Event: 2488.948 GC heap after
{Heap after GC invocations=1722 (full 7):
 PSYoungGen      total 3584K, used 474K [0x00000000d5580000, 0x00000000d5a00000, 0x0000000100000000)
  eden space 2560K, 0% used [0x00000000d5580000,0x00000000d5580000,0x00000000d5800000)
  from space 1024K, 46% used [0x00000000d5900000,0x00000000d5976900,0x00000000d5a00000)
  to   space 1024K, 0% used [0x00000000d5800000,0x00000000d5800000,0x00000000d5900000)
 ParOldGen       total 985088K, used 983880K [0x0000000080000000, 0x00000000bc200000, 0x00000000d5580000)
  object space 985088K, 99% used [0x0000000080000000,0x00000000bc0d2190,0x00000000bc200000)
 Metaspace       used 82804K, committed 84544K, reserved 1179648K
  class space    used 8156K, committed 8960K, reserved 1048576K
}
Event: 2488.953 GC heap before
{Heap before GC invocations=1723 (full 7):
 PSYoungGen      total 3584K, used 3034K [0x00000000d5580000, 0x00000000d5a00000, 0x0000000100000000)
  eden space 2560K, 100% used [0x00000000d5580000,0x00000000d5800000,0x00000000d5800000)
  from space 1024K, 46% used [0x00000000d5900000,0x00000000d5976900,0x00000000d5a00000)
  to   space 1024K, 0% used [0x00000000d5800000,0x00000000d5800000,0x00000000d5900000)
 ParOldGen       total 985088K, used 983880K [0x0000000080000000, 0x00000000bc200000, 0x00000000d5580000)
  object space 985088K, 99% used [0x0000000080000000,0x00000000bc0d2190,0x00000000bc200000)
 Metaspace       used 82804K, committed 84544K, reserved 1179648K
  class space    used 8156K, committed 8960K, reserved 1048576K
}
Event: 2488.955 GC heap after
{Heap after GC invocations=1723 (full 7):
 PSYoungGen      total 3584K, used 943K [0x00000000d5580000, 0x00000000d5b00000, 0x0000000100000000)
  eden space 2560K, 0% used [0x00000000d5580000,0x00000000d5580000,0x00000000d5800000)
  from space 1024K, 92% used [0x00000000d5800000,0x00000000d58ebf10,0x00000000d5900000)
  to   space 1536K, 0% used [0x00000000d5980000,0x00000000d5980000,0x00000000d5b00000)
 ParOldGen       total 985088K, used 984182K [0x0000000080000000, 0x00000000bc200000, 0x00000000d5580000)
  object space 985088K, 99% used [0x0000000080000000,0x00000000bc11d9b0,0x00000000bc200000)
 Metaspace       used 82804K, committed 84544K, reserved 1179648K
  class space    used 8156K, committed 8960K, reserved 1048576K
}
Event: 2488.956 GC heap before
{Heap before GC invocations=1724 (full 7):
 PSYoungGen      total 3584K, used 3503K [0x00000000d5580000, 0x00000000d5b00000, 0x0000000100000000)
  eden space 2560K, 99% used [0x00000000d5580000,0x00000000d57ffff8,0x00000000d5800000)
  from space 1024K, 92% used [0x00000000d5800000,0x00000000d58ebf10,0x00000000d5900000)
  to   space 1536K, 0% used [0x00000000d5980000,0x00000000d5980000,0x00000000d5b00000)
 ParOldGen       total 985088K, used 984182K [0x0000000080000000, 0x00000000bc200000, 0x00000000d5580000)
  object space 985088K, 99% used [0x0000000080000000,0x00000000bc11d9b0,0x00000000bc200000)
 Metaspace       used 82804K, committed 84544K, reserved 1179648K
  class space    used 8156K, committed 8960K, reserved 1048576K
}
Event: 2488.958 GC heap after
{Heap after GC invocations=1724 (full 7):
 PSYoungGen      total 4096K, used 986K [0x00000000d5580000, 0x00000000d5a80000, 0x0000000100000000)
  eden space 3072K, 0% used [0x00000000d5580000,0x00000000d5580000,0x00000000d5880000)
  from space 1024K, 96% used [0x00000000d5980000,0x00000000d5a76900,0x00000000d5a80000)
  to   space 1024K, 0% used [0x00000000d5880000,0x00000000d5880000,0x00000000d5980000)
 ParOldGen       total 985088K, used 984934K [0x0000000080000000, 0x00000000bc200000, 0x00000000d5580000)
  object space 985088K, 99% used [0x0000000080000000,0x00000000bc1d98c0,0x00000000bc200000)
 Metaspace       used 82804K, committed 84544K, reserved 1179648K
  class space    used 8156K, committed 8960K, reserved 1048576K
}
Event: 2488.959 GC heap before
{Heap before GC invocations=1725 (full 7):
 PSYoungGen      total 4096K, used 4058K [0x00000000d5580000, 0x00000000d5a80000, 0x0000000100000000)
  eden space 3072K, 100% used [0x00000000d5580000,0x00000000d5880000,0x00000000d5880000)
  from space 1024K, 96% used [0x00000000d5980000,0x00000000d5a76900,0x00000000d5a80000)
  to   space 1024K, 0% used [0x00000000d5880000,0x00000000d5880000,0x00000000d5980000)
 ParOldGen       total 985088K, used 984934K [0x0000000080000000, 0x00000000bc200000, 0x00000000d5580000)
  object space 985088K, 99% used [0x0000000080000000,0x00000000bc1d98c0,0x00000000bc200000)
 Metaspace       used 82804K, committed 84544K, reserved 1179648K
  class space    used 8156K, committed 8960K, reserved 1048576K
}
Event: 2488.962 GC heap after
{Heap after GC invocations=1725 (full 7):
 PSYoungGen      total 4096K, used 1016K [0x00000000d5580000, 0x00000000d5d80000, 0x0000000100000000)
  eden space 3072K, 0% used [0x00000000d5580000,0x00000000d5580000,0x00000000d5880000)
  from space 1024K, 99% used [0x00000000d5880000,0x00000000d597e230,0x00000000d5980000)
  to   space 2048K, 0% used [0x00000000d5b80000,0x00000000d5b80000,0x00000000d5d80000)
 ParOldGen       total 985600K, used 985586K [0x0000000080000000, 0x00000000bc280000, 0x00000000d5580000)
  object space 985600K, 99% used [0x0000000080000000,0x00000000bc27c8e0,0x00000000bc280000)
 Metaspace       used 82804K, committed 84544K, reserved 1179648K
  class space    used 8156K, committed 8960K, reserved 1048576K
}
Event: 2488.964 GC heap before
{Heap before GC invocations=1726 (full 7):
 PSYoungGen      total 4096K, used 4088K [0x00000000d5580000, 0x00000000d5d80000, 0x0000000100000000)
  eden space 3072K, 100% used [0x00000000d5580000,0x00000000d5880000,0x00000000d5880000)
  from space 1024K, 99% used [0x00000000d5880000,0x00000000d597e230,0x00000000d5980000)
  to   space 2048K, 0% used [0x00000000d5b80000,0x00000000d5b80000,0x00000000d5d80000)
 ParOldGen       total 985600K, used 985586K [0x0000000080000000, 0x00000000bc280000, 0x00000000d5580000)
  object space 985600K, 99% used [0x0000000080000000,0x00000000bc27c8e0,0x00000000bc280000)
 Metaspace       used 82804K, committed 84544K, reserved 1179648K
  class space    used 8156K, committed 8960K, reserved 1048576K
}
Event: 2488.965 GC heap after
{Heap after GC invocations=1726 (full 7):
 PSYoungGen      total 5120K, used 864K [0x00000000d5580000, 0x00000000d5c80000, 0x0000000100000000)
  eden space 4096K, 0% used [0x00000000d5580000,0x00000000d5580000,0x00000000d5980000)
  from space 1024K, 84% used [0x00000000d5b80000,0x00000000d5c58000,0x00000000d5c80000)
  to   space 1536K, 0% used [0x00000000d5980000,0x00000000d5980000,0x00000000d5b00000)
 ParOldGen       total 986624K, used 986266K [0x0000000080000000, 0x00000000bc380000, 0x00000000d5580000)
  object space 986624K, 99% used [0x0000000080000000,0x00000000bc326b10,0x00000000bc380000)
 Metaspace       used 82804K, committed 84544K, reserved 1179648K
  class space    used 8156K, committed 8960K, reserved 1048576K
}
Event: 2488.970 GC heap before
{Heap before GC invocations=1727 (full 7):
 PSYoungGen      total 5120K, used 4960K [0x00000000d5580000, 0x00000000d5c80000, 0x0000000100000000)
  eden space 4096K, 100% used [0x00000000d5580000,0x00000000d5980000,0x00000000d5980000)
  from space 1024K, 84% used [0x00000000d5b80000,0x00000000d5c58000,0x00000000d5c80000)
  to   space 1536K, 0% used [0x00000000d5980000,0x00000000d5980000,0x00000000d5b00000)
 ParOldGen       total 986624K, used 986266K [0x0000000080000000, 0x00000000bc380000, 0x00000000d5580000)
  object space 986624K, 99% used [0x0000000080000000,0x00000000bc326b10,0x00000000bc380000)
 Metaspace       used 82804K, committed 84544K, reserved 1179648K
  class space    used 8156K, committed 8960K, reserved 1048576K
}
Event: 2488.988 GC heap after
{Heap after GC invocations=1727 (full 7):
 PSYoungGen      total 5632K, used 1536K [0x00000000d5580000, 0x00000000d5f80000, 0x0000000100000000)
  eden space 4096K, 0% used [0x00000000d5580000,0x00000000d5580000,0x00000000d5980000)
  from space 1536K, 100% used [0x00000000d5980000,0x00000000d5b00000,0x00000000d5b00000)
  to   space 2560K, 0% used [0x00000000d5d00000,0x00000000d5d00000,0x00000000d5f80000)
 ParOldGen       total 987136K, used 986938K [0x0000000080000000, 0x00000000bc400000, 0x00000000d5580000)
  object space 987136K, 99% used [0x0000000080000000,0x00000000bc3ceb10,0x00000000bc400000)
 Metaspace       used 82804K, committed 84544K, reserved 1179648K
  class space    used 8156K, committed 8960K, reserved 1048576K
}
Event: 2489.002 GC heap before
{Heap before GC invocations=1728 (full 7):
 PSYoungGen      total 5632K, used 5632K [0x00000000d5580000, 0x00000000d5f80000, 0x0000000100000000)
  eden space 4096K, 100% used [0x00000000d5580000,0x00000000d5980000,0x00000000d5980000)
  from space 1536K, 100% used [0x00000000d5980000,0x00000000d5b00000,0x00000000d5b00000)
  to   space 2560K, 0% used [0x00000000d5d00000,0x00000000d5d00000,0x00000000d5f80000)
 ParOldGen       total 987136K, used 986938K [0x0000000080000000, 0x00000000bc400000, 0x00000000d5580000)
  object space 987136K, 99% used [0x0000000080000000,0x00000000bc3ceb10,0x00000000bc400000)
 Metaspace       used 82804K, committed 84544K, reserved 1179648K
  class space    used 8156K, committed 8960K, reserved 1048576K
}
Event: 2489.005 GC heap after
{Heap after GC invocations=1728 (full 7):
 PSYoungGen      total 7680K, used 2047K [0x00000000d5580000, 0x00000000d5f80000, 0x0000000100000000)
  eden space 5120K, 0% used [0x00000000d5580000,0x00000000d5580000,0x00000000d5a80000)
  from space 2560K, 79% used [0x00000000d5d00000,0x00000000d5efffc8,0x00000000d5f80000)
  to   space 2560K, 0% used [0x00000000d5a80000,0x00000000d5a80000,0x00000000d5d00000)
 ParOldGen       total 988672K, used 988378K [0x0000000080000000, 0x00000000bc580000, 0x00000000d5580000)
  object space 988672K, 99% used [0x0000000080000000,0x00000000bc536b10,0x00000000bc580000)
 Metaspace       used 82804K, committed 84544K, reserved 1179648K
  class space    used 8156K, committed 8960K, reserved 1048576K
}
Event: 2489.014 GC heap before
{Heap before GC invocations=1729 (full 7):
 PSYoungGen      total 7680K, used 7167K [0x00000000d5580000, 0x00000000d5f80000, 0x0000000100000000)
  eden space 5120K, 99% used [0x00000000d5580000,0x00000000d5a7ffc8,0x00000000d5a80000)
  from space 2560K, 79% used [0x00000000d5d00000,0x00000000d5efffc8,0x00000000d5f80000)
  to   space 2560K, 0% used [0x00000000d5a80000,0x00000000d5a80000,0x00000000d5d00000)
 ParOldGen       total 988672K, used 988378K [0x0000000080000000, 0x00000000bc580000, 0x00000000d5580000)
  object space 988672K, 99% used [0x0000000080000000,0x00000000bc536b10,0x00000000bc580000)
 Metaspace       used 82804K, committed 84544K, reserved 1179648K
  class space    used 8156K, committed 8960K, reserved 1048576K
}
Event: 2489.016 GC heap after
{Heap after GC invocations=1729 (full 7):
 PSYoungGen      total 5632K, used 256K [0x00000000d5580000, 0x00000000d5d80000, 0x0000000100000000)
  eden space 5120K, 0% used [0x00000000d5580000,0x00000000d5580000,0x00000000d5a80000)
  from space 512K, 50% used [0x00000000d5a80000,0x00000000d5ac0000,0x00000000d5b00000)
  to   space 1024K, 0% used [0x00000000d5c80000,0x00000000d5c80000,0x00000000d5d80000)
 ParOldGen       total 989184K, used 989034K [0x0000000080000000, 0x00000000bc600000, 0x00000000d5580000)
  object space 989184K, 99% used [0x0000000080000000,0x00000000bc5dab10,0x00000000bc600000)
 Metaspace       used 82804K, committed 84544K, reserved 1179648K
  class space    used 8156K, committed 8960K, reserved 1048576K
}

